Crashlog created at 2016-08-04 12:45:12 +0200

===== MESSAGE:

Nanoc::Extra::Piper::Error: command exited with a nonzero status code 5888 (command: rsync -aP --delete-after output/ beta@beta.studentkickoff.be:/var/www/beta.studentkickoff.be/build)

===== COMPILATION STACK:

  (empty)

===== STACK TRACE:

  0. /usr/lib/ruby/gems/2.3.0/gems/nanoc-4.2.4/lib/nanoc/extra/piper.rb:42:in `block in run'
  1. /usr/lib/ruby/2.3.0/open3.rb:205:in `popen_run'
  2. /usr/lib/ruby/2.3.0/open3.rb:95:in `popen3'
  3. /usr/lib/ruby/gems/2.3.0/gems/nanoc-4.2.4/lib/nanoc/extra/piper.rb:28:in `run'
  4. /usr/lib/ruby/gems/2.3.0/gems/nanoc-4.2.4/lib/nanoc/extra/deployers/rsync.rb:62:in `run_shell_cmd'
  5. /usr/lib/ruby/gems/2.3.0/gems/nanoc-4.2.4/lib/nanoc/extra/deployers/rsync.rb:54:in `run'
  6. /usr/lib/ruby/gems/2.3.0/gems/nanoc-4.2.4/lib/nanoc/cli/commands/deploy.rb:55:in `deploy'
  7. /usr/lib/ruby/gems/2.3.0/gems/nanoc-4.2.4/lib/nanoc/cli/commands/deploy.rb:23:in `run'
  8. /usr/lib/ruby/gems/2.3.0/gems/nanoc-4.2.4/lib/nanoc/cli/command_runner.rb:12:in `block in call'
  9. /usr/lib/ruby/gems/2.3.0/gems/nanoc-4.2.4/lib/nanoc/cli/error_handler.rb:64:in `handle_while'
  10. /usr/lib/ruby/gems/2.3.0/gems/nanoc-4.2.4/lib/nanoc/cli/error_handler.rb:22:in `handle_while'
  11. /usr/lib/ruby/gems/2.3.0/gems/nanoc-4.2.4/lib/nanoc/cli/command_runner.rb:11:in `call'
  12. /home/jeroen/.gem/ruby/2.3.0/gems/cri-2.7.0/lib/cri/command_dsl.rb:233:in `block in runner'
  13. /home/jeroen/.gem/ruby/2.3.0/gems/cri-2.7.0/lib/cri/command.rb:294:in `run_this'
  14. /home/jeroen/.gem/ruby/2.3.0/gems/cri-2.7.0/lib/cri/command.rb:247:in `run'
  15. /home/jeroen/.gem/ruby/2.3.0/gems/cri-2.7.0/lib/cri/command.rb:260:in `run'
  16. /usr/lib/ruby/gems/2.3.0/gems/nanoc-4.2.4/lib/nanoc/cli.rb:46:in `block in run'
  17. /usr/lib/ruby/gems/2.3.0/gems/nanoc-4.2.4/lib/nanoc/cli/error_handler.rb:64:in `handle_while'
  18. /usr/lib/ruby/gems/2.3.0/gems/nanoc-4.2.4/lib/nanoc/cli/error_handler.rb:22:in `handle_while'
  19. /usr/lib/ruby/gems/2.3.0/gems/nanoc-4.2.4/lib/nanoc/cli.rb:44:in `run'
  20. /usr/lib/ruby/gems/2.3.0/gems/nanoc-4.2.4/bin/nanoc:9:in `<top (required)>'
  21. /home/jeroen/.gem/ruby/2.3.0/bin/nanoc:22:in `load'
  22. /home/jeroen/.gem/ruby/2.3.0/bin/nanoc:22:in `<top (required)>'
  23. /home/jeroen/.gem/ruby/2.3.0/gems/bundler-1.12.5/lib/bundler/cli/exec.rb:63:in `load'
  24. /home/jeroen/.gem/ruby/2.3.0/gems/bundler-1.12.5/lib/bundler/cli/exec.rb:63:in `kernel_load'
  25. /home/jeroen/.gem/ruby/2.3.0/gems/bundler-1.12.5/lib/bundler/cli/exec.rb:24:in `run'
  26. /home/jeroen/.gem/ruby/2.3.0/gems/bundler-1.12.5/lib/bundler/cli.rb:304:in `exec'
  27. /home/jeroen/.gem/ruby/2.3.0/gems/bundler-1.12.5/lib/bundler/vendor/thor/lib/thor/command.rb:27:in `run'
  28. /home/jeroen/.gem/ruby/2.3.0/gems/bundler-1.12.5/lib/bundler/vendor/thor/lib/thor/invocation.rb:126:in `invoke_command'
  29. /home/jeroen/.gem/ruby/2.3.0/gems/bundler-1.12.5/lib/bundler/vendor/thor/lib/thor.rb:359:in `dispatch'
  30. /home/jeroen/.gem/ruby/2.3.0/gems/bundler-1.12.5/lib/bundler/vendor/thor/lib/thor/base.rb:440:in `start'
  31. /home/jeroen/.gem/ruby/2.3.0/gems/bundler-1.12.5/lib/bundler/cli.rb:11:in `start'
  32. /home/jeroen/.gem/ruby/2.3.0/gems/bundler-1.12.5/exe/bundle:27:in `block in <top (required)>'
  33. /home/jeroen/.gem/ruby/2.3.0/gems/bundler-1.12.5/lib/bundler/friendly_errors.rb:98:in `with_friendly_errors'
  34. /home/jeroen/.gem/ruby/2.3.0/gems/bundler-1.12.5/exe/bundle:19:in `<top (required)>'
  35. /home/jeroen/.gem/ruby/2.3.0/bin/bundle:22:in `load'

===== VERSION INFORMATION:

Nanoc 4.2.4 © 2007-2016 Denis Defreyne.
Running ruby 2.3.1 (2016-04-26) on x86_64-linux with RubyGems 2.5.2.

===== SYSTEM INFORMATION:

Linux Iepoev 3.16.36-1-MANJARO #1 SMP PREEMPT Fri Jun 17 18:07:11 UTC 2016 x86_64 GNU/Linux

===== INSTALLED GEMS:

  adsf 1.2.1
  bundler 1.12.5
  coderay 1.1.1
  colored 1.2
  concurrent-ruby 1.0.2
  cri 2.7.0
  ffi 1.9.14
  formatador 0.2.5
  guard 2.14.0
  guard-compat 1.2.1
  guard-nanoc 2.0.0
  hamster 3.0.0
  kramdown 1.11.1
  listen 3.1.5
  lumberjack 1.0.10
  method_source 0.8.2
  nanoc 4.2.4
  nenv 0.3.0
  notiffany 0.1.1
  pry 0.10.4
  rack 2.0.1
  rb-fsevent 0.9.7
  rb-inotify 0.9.7
  ref 2.0.0
  ruby_dep 1.3.1
  shellany 0.0.1
  slop 3.6.0
  thor 0.19.1

===== GEMFILE.LOCK:

GEM
  remote: https://rubygems.org/
  specs:
    adsf (1.2.1)
      rack (>= 1.0.0)
    coderay (1.1.1)
    colored (1.2)
    concurrent-ruby (1.0.2)
    cri (2.7.0)
      colored (~> 1.2)
    ffi (1.9.14)
    formatador (0.2.5)
    guard (2.14.0)
      formatador (>= 0.2.4)
      listen (>= 2.7, < 4.0)
      lumberjack (~> 1.0)
      nenv (~> 0.1)
      notiffany (~> 0.0)
      pry (>= 0.9.12)
      shellany (~> 0.0)
      thor (>= 0.18.1)
    guard-compat (1.2.1)
    guard-nanoc (2.0.0)
      guard (~> 2.8)
      guard-compat (~> 1.0)
      nanoc (~> 4.0)
    hamster (3.0.0)
      concurrent-ruby (~> 1.0)
    kramdown (1.11.1)
    listen (3.1.5)
      rb-fsevent (~> 0.9, >= 0.9.4)
      rb-inotify (~> 0.9, >= 0.9.7)
      ruby_dep (~> 1.2)
    lumberjack (1.0.10)
    method_source (0.8.2)
    nanoc (4.2.4)
      cri (~> 2.3)
      hamster (~> 3.0)
      ref (~> 2.0)
    nenv (0.3.0)
    notiffany (0.1.1)
      nenv (~> 0.1)
      shellany (~> 0.0)
    pry (0.10.4)
      coderay (~> 1.1.0)
      method_source (~> 0.8.1)
      slop (~> 3.4)
    rack (2.0.1)
    rb-fsevent (0.9.7)
    rb-inotify (0.9.7)
      ffi (>= 0.5.0)
    ref (2.0.0)
    ruby_dep (1.3.1)
    shellany (0.0.1)
    slop (3.6.0)
    thor (0.19.1)

PLATFORMS
  ruby

DEPENDENCIES
  adsf
  guard-nanoc
  kramdown
  nanoc

BUNDLED WITH
   1.12.5

===== LOAD PATHS:

  0. /usr/lib/ruby/gems/2.3.0/gems/ref-2.0.0/lib
  1. /home/jeroen/.gem/ruby/2.3.0/gems/bundler-1.12.5/lib
  2. /home/jeroen/.gem/ruby/2.3.0/gems/kramdown-1.11.1/lib
  3. /usr/lib/ruby/gems/2.3.0/gems/guard-nanoc-2.0.0/lib
  4. /usr/lib/ruby/gems/2.3.0/gems/nanoc-4.2.4/lib
  5. /usr/lib/ruby/gems/2.3.0/gems/ref-2.0.0/lib
  6. /usr/lib/ruby/gems/2.3.0/gems/hamster-3.0.0/lib
  7. /usr/lib/ruby/gems/2.3.0/gems/guard-compat-1.2.1/lib
  8. /usr/lib/ruby/gems/2.3.0/gems/guard-2.14.0/lib
  9. /home/jeroen/.gem/ruby/2.3.0/gems/thor-0.19.1/lib
  10. /usr/lib/ruby/gems/2.3.0/gems/pry-0.10.4/lib
  11. /usr/lib/ruby/gems/2.3.0/gems/slop-3.6.0/lib
  12. /usr/lib/ruby/gems/2.3.0/gems/method_source-0.8.2/lib
  13. /usr/lib/ruby/gems/2.3.0/gems/notiffany-0.1.1/lib
  14. /usr/lib/ruby/gems/2.3.0/gems/shellany-0.0.1/lib
  15. /usr/lib/ruby/gems/2.3.0/gems/nenv-0.3.0/lib
  16. /usr/lib/ruby/gems/2.3.0/gems/lumberjack-1.0.10/lib
  17. /usr/lib/ruby/gems/2.3.0/gems/listen-3.1.5/lib
  18. /usr/lib/ruby/gems/2.3.0/gems/ruby_dep-1.3.1/lib
  19. /usr/lib/ruby/gems/2.3.0/gems/rb-inotify-0.9.7/lib
  20. /usr/lib/ruby/gems/2.3.0/gems/rb-fsevent-0.9.7/lib
  21. /usr/lib/ruby/gems/2.3.0/gems/formatador-0.2.5/lib
  22. /usr/lib/ruby/gems/2.3.0/gems/ffi-1.9.14/lib
  23. /usr/lib/ruby/gems/2.3.0/extensions/x86_64-linux/2.3.0/ffi-1.9.14
  24. /home/jeroen/.gem/ruby/2.3.0/gems/cri-2.7.0/lib
  25. /usr/lib/ruby/gems/2.3.0/gems/concurrent-ruby-1.0.2/lib
  26. /home/jeroen/.gem/ruby/2.3.0/gems/colored-1.2/lib
  27. /usr/lib/ruby/gems/2.3.0/gems/coderay-1.1.1/lib
  28. /home/jeroen/.gem/ruby/2.3.0/gems/adsf-1.2.1/lib
  29. /usr/lib/ruby/gems/2.3.0/gems/rack-2.0.1/lib
  30. /usr/lib/ruby/site_ruby/2.3.0
  31. /usr/lib/ruby/site_ruby/2.3.0/x86_64-linux
  32. /usr/lib/ruby/site_ruby
  33. /usr/lib/ruby/vendor_ruby/2.3.0
  34. /usr/lib/ruby/vendor_ruby/2.3.0/x86_64-linux
  35. /usr/lib/ruby/vendor_ruby
  36. /usr/lib/ruby/2.3.0
  37. /usr/lib/ruby/2.3.0/x86_64-linux
